============================= test session starts ==============================
platform linux -- Python 3.12.13, pytest-8.4.2, pluggy-1.6.0 -- /usr/bin/python3
cachedir: .pytest_cache
rootdir: /content/cuda-nms-numba
plugins: typeguard-4.5.2, anyio-4.14.2, langsmith-0.10.2
collecting ... collected 50 items

tests/test_correctness.py::test_iou_identical_box_is_one PASSED          [  2%]
tests/test_correctness.py::test_iou_non_overlapping_is_zero PASSED       [  4%]
tests/test_correctness.py::test_iou_known_partial_overlap PASSED         [  6%]
tests/test_correctness.py::test_run_cpu_suppresses_lower_score_duplicate PASSED [  8%]
tests/test_correctness.py::test_run_cpu_keeps_both_when_far_apart PASSED [ 10%]
tests/test_correctness.py::test_cpu_matches_torchvision_reference[50] PASSED [ 12%]
tests/test_correctness.py::test_cpu_matches_torchvision_reference[200] PASSED [ 14%]
tests/test_correctness.py::test_cpu_matches_torchvision_reference[1000] PASSED [ 16%]
tests/test_correctness.py::test_gpu_v1_iou_matrix_diagonal_is_one PASSED [ 18%]
tests/test_correctness.py::test_gpu_v1_iou_matrix_is_symmetric PASSED    [ 20%]
tests/test_correctness.py::test_gpu_v1_iou_matrix_matches_cpu PASSED     [ 22%]
tests/test_correctness.py::test_gpu_v1_suppresses_duplicate PASSED       [ 24%]
tests/test_correctness.py::test_gpu_v1_keeps_non_overlapping PASSED      [ 26%]
tests/test_correctness.py::test_gpu_v1_handles_empty_input PASSED        [ 28%]
tests/test_correctness.py::test_gpu_v1_matches_cpu_baseline[50] PASSED   [ 30%]
tests/test_correctness.py::test_gpu_v1_matches_cpu_baseline[200] PASSED  [ 32%]
tests/test_correctness.py::test_gpu_v1_matches_cpu_baseline[1000] PASSED [ 34%]
tests/test_correctness.py::test_gpu_v1_matches_cpu_baseline[10000] PASSED [ 36%]
tests/test_correctness.py::test_gpu_v2_iou_helper_returns_host_array PASSED [ 38%]
tests/test_correctness.py::test_gpu_v2_iou_matrix_diagonal_is_one PASSED [ 40%]
tests/test_correctness.py::test_gpu_v2_iou_matrix_is_symmetric PASSED    [ 42%]
tests/test_correctness.py::test_gpu_v2_iou_matrix_matches_cpu PASSED     [ 44%]
tests/test_correctness.py::test_gpu_v2_iou_matrix_matches_v1 PASSED      [ 46%]
tests/test_correctness.py::test_gpu_v2_suppresses_duplicate PASSED       [ 48%]
tests/test_correctness.py::test_gpu_v2_keeps_non_overlapping PASSED      [ 50%]
tests/test_correctness.py::test_gpu_v2_batched_matches_cpu_at_partial_64_block[3] PASSED [ 52%]
tests/test_correctness.py::test_gpu_v2_batched_matches_cpu_at_partial_64_block[32] PASSED [ 54%]
tests/test_correctness.py::test_gpu_v2_keeps_all_when_threshold_one PASSED [ 56%]
tests/test_correctness.py::test_gpu_v2_matches_cpu_baseline[50] PASSED   [ 58%]
tests/test_correctness.py::test_gpu_v2_matches_cpu_baseline[200] PASSED  [ 60%]
tests/test_correctness.py::test_gpu_v2_matches_cpu_baseline[1000] PASSED [ 62%]
tests/test_correctness.py::test_gpu_v2_matches_cpu_baseline[10000] PASSED [ 64%]
tests/test_correctness.py::test_gpu_v2_matches_gpu_v1[50] PASSED         [ 66%]
tests/test_correctness.py::test_gpu_v2_matches_gpu_v1[200] PASSED        [ 68%]
tests/test_correctness.py::test_gpu_v2_matches_gpu_v1[1000] PASSED       [ 70%]
tests/test_correctness.py::test_gpu_v2_matches_gpu_v1[10000] PASSED      [ 72%]
tests/test_correctness.py::test_gpu_v2_various_thresholds[0.3] PASSED    [ 74%]
tests/test_correctness.py::test_gpu_v2_various_thresholds[0.5] PASSED    [ 76%]
tests/test_correctness.py::test_gpu_v2_various_thresholds[0.7] PASSED    [ 78%]
tests/test_correctness.py::test_gpu_v2_matches_cpu_with_score_ties PASSED [ 80%]
tests/test_correctness.py::test_matrix_nms_reference_non_overlapping_preserves_scores PASSED [ 82%]
tests/test_correctness.py::test_matrix_nms_reference_gaussian_duplicate_has_known_decay PASSED [ 84%]
tests/test_correctness.py::test_matrix_nms_reference_validates_method_and_sigma[linear] PASSED [ 86%]
tests/test_correctness.py::test_matrix_nms_reference_validates_method_and_sigma[gaussian] PASSED [ 88%]
tests/test_correctness.py::test_gpu_v3_suppresses_duplicate PASSED       [ 90%]
tests/test_correctness.py::test_gpu_v3_keeps_non_overlapping PASSED      [ 92%]
tests/test_correctness.py::test_gpu_v3_sanity[50] PASSED                 [ 94%]
tests/test_correctness.py::test_gpu_v3_sanity[200] PASSED                [ 96%]
tests/test_correctness.py::test_gpu_v3_matches_matrix_nms_reference[linear] PASSED [ 98%]
tests/test_correctness.py::test_gpu_v3_matches_matrix_nms_reference[gaussian] PASSED [100%]

=============================== warnings summary ===============================
tests/test_correctness.py::test_gpu_v1_iou_matrix_diagonal_is_one
tests/test_correctness.py::test_gpu_v2_iou_matrix_diagonal_is_one
  /usr/local/lib/python3.12/dist-packages/numba_cuda/numba/cuda/dispatcher.py:696: NumbaPerformanceWarning: Grid size 4 will likely result in GPU under-utilization due to low occupancy.
    warn(errors.NumbaPerformanceWarning(msg))

tests/test_correctness.py::test_gpu_v1_iou_matrix_matches_cpu
tests/test_correctness.py::test_gpu_v2_iou_matrix_matches_cpu
tests/test_correctness.py::test_gpu_v2_matches_cpu_baseline[200]
  /usr/local/lib/python3.12/dist-packages/numba_cuda/numba/cuda/dispatcher.py:696: NumbaPerformanceWarning: Grid size 16 will likely result in GPU under-utilization due to low occupancy.
    warn(errors.NumbaPerformanceWarning(msg))

tests/test_correctness.py::test_gpu_v1_suppresses_duplicate
tests/test_correctness.py::test_gpu_v2_iou_helper_returns_host_array
tests/test_correctness.py::test_gpu_v2_suppresses_duplicate
  /usr/local/lib/python3.12/dist-packages/numba_cuda/numba/cuda/dispatcher.py:696: NumbaPerformanceWarning: Grid size 1 will likely result in GPU under-utilization due to low occupancy.
    warn(errors.NumbaPerformanceWarning(msg))

tests/test_correctness.py::test_gpu_v2_batched_matches_cpu_at_partial_64_block[3]
tests/test_correctness.py::test_gpu_v3_keeps_non_overlapping
  /usr/local/lib/python3.12/dist-packages/numba_cuda/numba/cuda/dispatcher.py:696: NumbaPerformanceWarning: Grid size 3 will likely result in GPU under-utilization due to low occupancy.
    warn(errors.NumbaPerformanceWarning(msg))

tests/test_correctness.py::test_gpu_v2_batched_matches_cpu_at_partial_64_block[32]
  /usr/local/lib/python3.12/dist-packages/numba_cuda/numba/cuda/dispatcher.py:696: NumbaPerformanceWarning: Grid size 32 will likely result in GPU under-utilization due to low occupancy.
    warn(errors.NumbaPerformanceWarning(msg))

tests/test_correctness.py::test_gpu_v2_matches_cpu_with_score_ties
  /usr/local/lib/python3.12/dist-packages/numba_cuda/numba/cuda/dispatcher.py:696: NumbaPerformanceWarning: Grid size 25 will likely result in GPU under-utilization due to low occupancy.
    warn(errors.NumbaPerformanceWarning(msg))

tests/test_correctness.py::test_gpu_v3_suppresses_duplicate
tests/test_correctness.py::test_gpu_v3_suppresses_duplicate
  /usr/local/lib/python3.12/dist-packages/numba_cuda/numba/cuda/dispatcher.py:696: NumbaPerformanceWarning: Grid size 2 will likely result in GPU under-utilization due to low occupancy.
    warn(errors.NumbaPerformanceWarning(msg))

tests/test_correctness.py::test_gpu_v3_sanity[50]
  /usr/local/lib/python3.12/dist-packages/numba_cuda/numba/cuda/dispatcher.py:696: NumbaPerformanceWarning: Grid size 50 will likely result in GPU under-utilization due to low occupancy.
    warn(errors.NumbaPerformanceWarning(msg))

tests/test_correctness.py::test_gpu_v3_matches_matrix_nms_reference[linear]
  /usr/local/lib/python3.12/dist-packages/numba_cuda/numba/cuda/dispatcher.py:696: NumbaPerformanceWarning: Grid size 30 will likely result in GPU under-utilization due to low occupancy.
    warn(errors.NumbaPerformanceWarning(msg))

-- Docs: https://docs.pytest.org/en/stable/how-to/capture-warnings.html
======================= 50 passed, 16 warnings in 9.24s ========================
